\BOOKMARK [1][-]{section.1}{PGFplots graph samples}{}% 1
\BOOKMARK [2][-]{subsection.1.1}{from https://tex.stackexchange.com/questions/9386/difference-between-right-of-and-right-of-in-pgf-tikz website.}{section.1}% 2
\BOOKMARK [2][-]{subsection.1.2}{from https://tex.stackexchange.com/questions/354401/how-to-draw-a-vector-diagram-with-tikz-datavisualization}{section.1}% 3
\BOOKMARK [2][-]{subsection.1.3}{from https://www.overleaf.com/learn/latex/Pgfplots\137package}{section.1}% 4
\BOOKMARK [2][-]{subsection.1.4}{from https://stackoverflow.com/questions/36386656/how-to-plot-in-latex-with-gnuplot }{section.1}% 5
\BOOKMARK [2][-]{subsection.1.5}{from https://tex.stackexchange.com/questions/136288/pgfplots-how-to-fill-area-under-a-curve-in-a-3d-plot-similar-to-closedcycle-in}{section.1}% 6
\BOOKMARK [2][-]{subsection.1.6}{from https://tex.stackexchange.com/questions/16232/how-to-plot-fx-sinx-kx-cosx-and-ux-x\045C2\045B2-with-tikz}{section.1}% 7
\BOOKMARK [2][-]{subsection.1.7}{from }{section.1}% 8
\BOOKMARK [2][-]{subsection.1.8}{from }{section.1}% 9
\BOOKMARK [2][-]{subsection.1.9}{from https://tex.stackexchange.com/questions/361915/tikz-or-pgfplots-plotting-a-trigonometric-function-cos-sin-tan}{section.1}% 10
\BOOKMARK [2][-]{subsection.1.10}{https://newbedev.com/plotting-function-2-with-pole-at-00-smoothly}{section.1}% 11
\BOOKMARK [2][-]{subsection.1.11}{Line Plots}{section.1}% 12
\BOOKMARK [2][-]{subsection.1.12}{Bar Plots}{section.1}% 13
\BOOKMARK [2][-]{subsection.1.13}{Quiver Plots}{section.1}% 14
\BOOKMARK [2][-]{subsection.1.14}{Stacked Plots}{section.1}% 15
\BOOKMARK [2][-]{subsection.1.15}{Area Plots}{section.1}% 16
\BOOKMARK [2][-]{subsection.1.16}{Scatter Plots}{section.1}% 17
\BOOKMARK [2][-]{subsection.1.17}{3d plots}{section.1}% 18
\BOOKMARK [2][-]{subsection.1.18}{3d scatter plots}{section.1}% 19
\BOOKMARK [2][-]{subsection.1.19}{Contour Plots}{section.1}% 20
\BOOKMARK [2][-]{subsection.1.20}{Parameterized Plots}{section.1}% 21
\BOOKMARK [2][-]{subsection.1.21}{Specialty graphs and settings}{section.1}% 22
\BOOKMARK [2][-]{subsection.1.22}{Statistics}{section.1}% 23
\BOOKMARK [2][-]{subsection.1.23}{title}{section.1}% 24
